This file contains any messages produced by compilers while
running configure, to aid debugging if configure makes a mistake.

It was created by configure, which was
generated by GNU Autoconf 2.69.  Invocation command line was

  $ ./configure 

## --------- ##
## Platform. ##
## --------- ##

hostname = ubuntu
uname -m = x86_64
uname -r = 4.15.0-39-generic
uname -s = Linux
uname -v = #42~16.04.1-Ubuntu SMP Wed Oct 24 17:09:54 UTC 2018

/usr/bin/uname -p = unknown
/bin/uname -X     = unknown

/bin/arch              = unknown
/usr/bin/arch -k       = unknown
/usr/convex/getsysinfo = unknown
/usr/bin/hostinfo      = unknown
/bin/machine           = unknown
/usr/bin/oslevel       = unknown
/bin/universe          = unknown

PATH: /home/jack/bin
PATH: /home/jack/.local/bin
PATH: /usr/local/sbin
PATH: /usr/local/bin
PATH: /usr/sbin
PATH: /usr/bin
PATH: /sbin
PATH: /bin
PATH: /usr/games
PATH: /usr/local/games
PATH: /snap/bin


## ----------- ##
## Core tests. ##
## ----------- ##

configure:2216: checking for a BSD-compatible install
configure:2284: result: /usr/bin/install -c
configure:2295: checking whether build environment is sane
configure:2350: result: yes
configure:2501: checking for a thread-safe mkdir -p
configure:2540: result: /bin/mkdir -p
configure:2547: checking for gawk
configure:2563: found /usr/bin/gawk
configure:2574: result: gawk
configure:2585: checking whether make sets $(MAKE)
configure:2607: result: yes
configure:2636: checking whether make supports nested variables
configure:2653: result: yes
configure:2832: checking for gcc
configure:2848: found /usr/bin/gcc
configure:2859: result: gcc
configure:3088: checking for C compiler version
configure:3097: gcc --version >&5
gcc (Ubuntu 5.4.0-6ubuntu1~16.04.10) 5.4.0 20160609
Copyright (C) 2015 Free Software Foundation, Inc.
This is free software; see the source for copying conditions.  There is NO
warranty; not even for MERCHANTABILITY or FITNESS FOR A PARTICULAR PURPOSE.

configure:3108: $? = 0
configure:3097: gcc -v >&5
Using built-in specs.
COLLECT_GCC=gcc
COLLECT_LTO_WRAPPER=/usr/lib/gcc/x86_64-linux-gnu/5/lto-wrapper
Target: x86_64-linux-gnu
Configured with: ../src/configure -v --with-pkgversion='Ubuntu 5.4.0-6ubuntu1~16.04.10' --with-bugurl=file:///usr/share/doc/gcc-5/README.Bugs --enable-languages=c,ada,c++,java,go,d,fortran,objc,obj-c++ --prefix=/usr --program-suffix=-5 --enable-shared --enable-linker-build-id --libexecdir=/usr/lib --without-included-gettext --enable-threads=posix --libdir=/usr/lib --enable-nls --with-sysroot=/ --enable-clocale=gnu --enable-libstdcxx-debug --enable-libstdcxx-time=yes --with-default-libstdcxx-abi=new --enable-gnu-unique-object --disable-vtable-verify --enable-libmpx --enable-plugin --with-system-zlib --disable-browser-plugin --enable-java-awt=gtk --enable-gtk-cairo --with-java-home=/usr/lib/jvm/java-1.5.0-gcj-5-amd64/jre --enable-java-home --with-jvm-root-dir=/usr/lib/jvm/java-1.5.0-gcj-5-amd64 --with-jvm-jar-dir=/usr/lib/jvm-exports/java-1.5.0-gcj-5-amd64 --with-arch-directory=amd64 --with-ecj-jar=/usr/share/java/eclipse-ecj.jar --enable-objc-gc --enable-multiarch --disable-werror --with-arch-32=i686 --with-abi=m64 --with-multilib-list=m32,m64,mx32 --enable-multilib --with-tune=generic --enable-checking=release --build=x86_64-linux-gnu --host=x86_64-linux-gnu --target=x86_64-linux-gnu
Thread model: posix
gcc version 5.4.0 20160609 (Ubuntu 5.4.0-6ubuntu1~16.04.10) 
configure:3108: $? = 0
configure:3097: gcc -V >&5
gcc: error: unrecognized command line option '-V'
gcc: fatal error: no input files
compilation terminated.
configure:3108: $? = 1
configure:3097: gcc -qversion >&5
gcc: error: unrecognized command line option '-qversion'
gcc: fatal error: no input files
compilation terminated.
configure:3108: $? = 1
configure:3128: checking whether the C compiler works
configure:3150: gcc    conftest.c  >&5
configure:3154: $? = 0
configure:3202: result: yes
configure:3205: checking for C compiler default output file name
configure:3207: result: a.out
configure:3213: checking for suffix of executables
configure:3220: gcc -o conftest    conftest.c  >&5
configure:3224: $? = 0
configure:3246: result: 
configure:3268: checking whether we are cross compiling
configure:3276: gcc -o conftest    conftest.c  >&5
configure:3280: $? = 0
configure:3287: ./conftest
configure:3291: $? = 0
configure:3306: result: no
configure:3311: checking for suffix of object files
configure:3333: gcc -c   conftest.c >&5
configure:3337: $? = 0
configure:3358: result: o
configure:3362: checking whether we are using the GNU C compiler
configure:3381: gcc -c   conftest.c >&5
configure:3381: $? = 0
configure:3390: result: yes
configure:3399: checking whether gcc accepts -g
configure:3419: gcc -c -g  conftest.c >&5
configure:3419: $? = 0
configure:3460: result: yes
configure:3477: checking for gcc option to accept ISO C89
configure:3540: gcc  -c -g -O2  conftest.c >&5
configure:3540: $? = 0
configure:3553: result: none needed
configure:3578: checking whether gcc understands -c and -o together
configure:3600: gcc -c conftest.c -o conftest2.o
configure:3603: $? = 0
configure:3600: gcc -c conftest.c -o conftest2.o
configure:3603: $? = 0
configure:3615: result: yes
configure:3643: checking for style of include used by make
configure:3671: result: GNU
configure:3697: checking dependency style of gcc
configure:3808: result: gcc3
configure:3828: checking how to run the C preprocessor
configure:3859: gcc -E  conftest.c
configure:3859: $? = 0
configure:3873: gcc -E  conftest.c
conftest.c:11:28: fatal error: ac_nonexistent.h: No such file or directory
compilation terminated.
configure:3873: $? = 1
configure: failed program was:
| /* confdefs.h */
| #define PACKAGE_NAME ""
| #define PACKAGE_TARNAME ""
| #define PACKAGE_VERSION ""
| #define PACKAGE_STRING ""
| #define PACKAGE_BUGREPORT ""
| #define PACKAGE_URL ""
| #define PACKAGE "ez-ipupdate"
| #define VERSION "3.0.10"
| /* end confdefs.h.  */
| #include <ac_nonexistent.h>
configure:3898: result: gcc -E
configure:3918: gcc -E  conftest.c
configure:3918: $? = 0
configure:3932: gcc -E  conftest.c
conftest.c:11:28: fatal error: ac_nonexistent.h: No such file or directory
compilation terminated.
configure:3932: $? = 1
configure: failed program was:
| /* confdefs.h */
| #define PACKAGE_NAME ""
| #define PACKAGE_TARNAME ""
| #define PACKAGE_VERSION ""
| #define PACKAGE_STRING ""
| #define PACKAGE_BUGREPORT ""
| #define PACKAGE_URL ""
| #define PACKAGE "ez-ipupdate"
| #define VERSION "3.0.10"
| /* end confdefs.h.  */
| #include <ac_nonexistent.h>
configure:3963: checking return type of signal handlers
configure:3981: gcc -c -g -O2  conftest.c >&5
conftest.c: In function 'main':
conftest.c:17:9: error: void value not ignored as it ought to be
 return *(signal (0, 0)) (0) == 1;
         ^
configure:3981: $? = 1
configure: failed program was:
| /* confdefs.h */
| #define PACKAGE_NAME ""
| #define PACKAGE_TARNAME ""
| #define PACKAGE_VERSION ""
| #define PACKAGE_STRING ""
| #define PACKAGE_BUGREPORT ""
| #define PACKAGE_URL ""
| #define PACKAGE "ez-ipupdate"
| #define VERSION "3.0.10"
| /* end confdefs.h.  */
| #include <sys/types.h>
| #include <signal.h>
| 
| int
| main ()
| {
| return *(signal (0, 0)) (0) == 1;
|   ;
|   return 0;
| }
configure:3988: result: void
configure:3998: checking for gethostbyname
configure:3998: gcc -o conftest -g -O2   conftest.c  >&5
configure:3998: $? = 0
configure:3998: result: yes
configure:4050: checking for connect
configure:4050: gcc -o conftest -g -O2   conftest.c  >&5
configure:4050: $? = 0
configure:4050: result: yes
configure:4126: checking for socket
configure:4126: gcc -o conftest -g -O2   conftest.c  >&5
configure:4126: $? = 0
configure:4126: result: yes
configure:4126: checking for strdup
configure:4126: gcc -o conftest -g -O2   conftest.c  >&5
conftest.c:36:6: warning: conflicting types for built-in function 'strdup'
 char strdup ();
      ^
configure:4126: $? = 0
configure:4126: result: yes
configure:4126: checking for getopt_long
configure:4126: gcc -o conftest -g -O2   conftest.c  >&5
configure:4126: $? = 0
configure:4126: result: yes
configure:4126: checking for gethostbyaddr
configure:4126: gcc -o conftest -g -O2   conftest.c  >&5
configure:4126: $? = 0
configure:4126: result: yes
configure:4126: checking for getservbyname
configure:4126: gcc -o conftest -g -O2   conftest.c  >&5
configure:4126: $? = 0
configure:4126: result: yes
configure:4126: checking for inet_addr
configure:4126: gcc -o conftest -g -O2   conftest.c  >&5
configure:4126: $? = 0
configure:4126: result: yes
configure:4126: checking for inet_ntoa
configure:4126: gcc -o conftest -g -O2   conftest.c  >&5
configure:4126: $? = 0
configure:4126: result: yes
configure:4126: checking for snprintf
configure:4126: gcc -o conftest -g -O2   conftest.c  >&5
conftest.c:42:6: warning: conflicting types for built-in function 'snprintf'
 char snprintf ();
      ^
configure:4126: $? = 0
configure:4126: result: yes
configure:4126: checking for vfprintf
configure:4126: gcc -o conftest -g -O2   conftest.c  >&5
conftest.c:43:6: warning: conflicting types for built-in function 'vfprintf'
 char vfprintf ();
      ^
configure:4126: $? = 0
configure:4126: result: yes
configure:4126: checking for stat
configure:4126: gcc -o conftest -g -O2   conftest.c  >&5
configure:4126: $? = 0
configure:4126: result: yes
configure:4126: checking for vsprintf
configure:4126: gcc -o conftest -g -O2   conftest.c  >&5
conftest.c:45:6: warning: conflicting types for built-in function 'vsprintf'
 char vsprintf ();
      ^
configure:4126: $? = 0
configure:4126: result: yes
configure:4126: checking for vsnprintf
configure:4126: gcc -o conftest -g -O2   conftest.c  >&5
conftest.c:46:6: warning: conflicting types for built-in function 'vsnprintf'
 char vsnprintf ();
      ^
configure:4126: $? = 0
configure:4126: result: yes
configure:4126: checking for strerror
configure:4126: gcc -o conftest -g -O2   conftest.c  >&5
configure:4126: $? = 0
configure:4126: result: yes
configure:4126: checking for strftime
configure:4126: gcc -o conftest -g -O2   conftest.c  >&5
conftest.c:48:6: warning: conflicting types for built-in function 'strftime'
 char strftime ();
      ^
configure:4126: $? = 0
configure:4126: result: yes
configure:4126: checking for wait
configure:4126: gcc -o conftest -g -O2   conftest.c  >&5
configure:4126: $? = 0
configure:4126: result: yes
configure:4126: checking for waitpid
configure:4126: gcc -o conftest -g -O2   conftest.c  >&5
configure:4126: $? = 0
configure:4126: result: yes
configure:4126: checking for getpid
configure:4126: gcc -o conftest -g -O2   conftest.c  >&5
configure:4126: $? = 0
configure:4126: result: yes
configure:4126: checking for fork
configure:4126: gcc -o conftest -g -O2   conftest.c  >&5
conftest.c:52:6: warning: conflicting types for built-in function 'fork'
 char fork ();
      ^
configure:4126: $? = 0
configure:4126: result: yes
configure:4126: checking for vfork
configure:4126: gcc -o conftest -g -O2   conftest.c  >&5
configure:4126: $? = 0
configure:4126: result: yes
configure:4126: checking for inet_aton
configure:4126: gcc -o conftest -g -O2   conftest.c  >&5
configure:4126: $? = 0
configure:4126: result: yes
configure:4126: checking for herror
configure:4126: gcc -o conftest -g -O2   conftest.c  >&5
configure:4126: $? = 0
configure:4126: result: yes
configure:4137: checking for grep that handles long lines and -e
configure:4195: result: /bin/grep
configure:4200: checking for egrep
configure:4262: result: /bin/grep -E
configure:4267: checking for ANSI C header files
configure:4287: gcc -c -g -O2  conftest.c >&5
configure:4287: $? = 0
configure:4360: gcc -o conftest -g -O2   conftest.c  >&5
configure:4360: $? = 0
configure:4360: ./conftest
configure:4360: $? = 0
configure:4371: result: yes
configure:4384: checking for sys/types.h
configure:4384: gcc -c -g -O2  conftest.c >&5
configure:4384: $? = 0
configure:4384: result: yes
configure:4384: checking for sys/stat.h
configure:4384: gcc -c -g -O2  conftest.c >&5
configure:4384: $? = 0
configure:4384: result: yes
configure:4384: checking for stdlib.h
configure:4384: gcc -c -g -O2  conftest.c >&5
configure:4384: $? = 0
configure:4384: result: yes
configure:4384: checking for string.h
configure:4384: gcc -c -g -O2  conftest.c >&5
configure:4384: $? = 0
configure:4384: result: yes
configure:4384: checking for memory.h
configure:4384: gcc -c -g -O2  conftest.c >&5
configure:4384: $? = 0
configure:4384: result: yes
configure:4384: checking for strings.h
configure:4384: gcc -c -g -O2  conftest.c >&5
configure:4384: $? = 0
configure:4384: result: yes
configure:4384: checking for inttypes.h
configure:4384: gcc -c -g -O2  conftest.c >&5
configure:4384: $? = 0
configure:4384: result: yes
configure:4384: checking for stdint.h
configure:4384: gcc -c -g -O2  conftest.c >&5
configure:4384: $? = 0
configure:4384: result: yes
configure:4384: checking for unistd.h
configure:4384: gcc -c -g -O2  conftest.c >&5
configure:4384: $? = 0
configure:4384: result: yes
configure:4412: checking arpa/inet.h usability
configure:4412: gcc -c -g -O2  conftest.c >&5
configure:4412: $? = 0
configure:4412: result: yes
configure:4412: checking arpa/inet.h presence
configure:4412: gcc -E  conftest.c
configure:4412: $? = 0
configure:4412: result: yes
configure:4412: checking for arpa/inet.h
configure:4412: result: yes
configure:4412: checking for sys/types.h
configure:4412: result: yes
configure:4412: checking sys/time.h usability
configure:4412: gcc -c -g -O2  conftest.c >&5
configure:4412: $? = 0
configure:4412: result: yes
configure:4412: checking sys/time.h presence
configure:4412: gcc -E  conftest.c
configure:4412: $? = 0
configure:4412: result: yes
configure:4412: checking for sys/time.h
configure:4412: result: yes
configure:4412: checking for sys/stat.h
configure:4412: result: yes
configure:4412: checking fcntl.h usability
configure:4412: gcc -c -g -O2  conftest.c >&5
configure:4412: $? = 0
configure:4412: result: yes
configure:4412: checking fcntl.h presence
configure:4412: gcc -E  conftest.c
configure:4412: $? = 0
configure:4412: result: yes
configure:4412: checking for fcntl.h
configure:4412: result: yes
configure:4412: checking signal.h usability
configure:4412: gcc -c -g -O2  conftest.c >&5
configure:4412: $? = 0
configure:4412: result: yes
configure:4412: checking signal.h presence
configure:4412: gcc -E  conftest.c
configure:4412: $? = 0
configure:4412: result: yes
configure:4412: checking for signal.h
configure:4412: result: yes
configure:4412: checking syslog.h usability
configure:4412: gcc -c -g -O2  conftest.c >&5
configure:4412: $? = 0
configure:4412: result: yes
configure:4412: checking syslog.h presence
configure:4412: gcc -E  conftest.c
configure:4412: $? = 0
configure:4412: result: yes
configure:4412: checking for syslog.h
configure:4412: result: yes
configure:4412: checking pwd.h usability
configure:4412: gcc -c -g -O2  conftest.c >&5
configure:4412: $? = 0
configure:4412: result: yes
configure:4412: checking pwd.h presence
configure:4412: gcc -E  conftest.c
configure:4412: $? = 0
configure:4412: result: yes
configure:4412: checking for pwd.h
configure:4412: result: yes
configure:4412: checking stdarg.h usability
configure:4412: gcc -c -g -O2  conftest.c >&5
configure:4412: $? = 0
configure:4412: result: yes
configure:4412: checking stdarg.h presence
configure:4412: gcc -E  conftest.c
configure:4412: $? = 0
configure:4412: result: yes
configure:4412: checking for stdarg.h
configure:4412: result: yes
configure:4412: checking grp.h usability
configure:4412: gcc -c -g -O2  conftest.c >&5
configure:4412: $? = 0
configure:4412: result: yes
configure:4412: checking grp.h presence
configure:4412: gcc -E  conftest.c
configure:4412: $? = 0
configure:4412: result: yes
configure:4412: checking for grp.h
configure:4412: result: yes
configure:4412: checking errno.h usability
configure:4412: gcc -c -g -O2  conftest.c >&5
configure:4412: $? = 0
configure:4412: result: yes
configure:4412: checking errno.h presence
configure:4412: gcc -E  conftest.c
configure:4412: $? = 0
configure:4412: result: yes
configure:4412: checking for errno.h
configure:4412: result: yes
configure:4412: checking sys/sockio.h usability
configure:4412: gcc -c -g -O2  conftest.c >&5
conftest.c:87:24: fatal error: sys/sockio.h: No such file or directory
compilation terminated.
configure:4412: $? = 1
configure: failed program was:
| /* confdefs.h */
| #define PACKAGE_NAME ""
| #define PACKAGE_TARNAME ""
| #define PACKAGE_VERSION ""
| #define PACKAGE_STRING ""
| #define PACKAGE_BUGREPORT ""
| #define PACKAGE_URL ""
| #define PACKAGE "ez-ipupdate"
| #define VERSION "3.0.10"
| #define RETSIGTYPE void
| #define HAVE_SOCKET 1
| #define HAVE_STRDUP 1
| #define HAVE_GETOPT_LONG 1
| #define HAVE_GETHOSTBYADDR 1
| #define HAVE_GETSERVBYNAME 1
| #define HAVE_INET_ADDR 1
| #define HAVE_INET_NTOA 1
| #define HAVE_SNPRINTF 1
| #define HAVE_VFPRINTF 1
| #define HAVE_STAT 1
| #define HAVE_VSPRINTF 1
| #define HAVE_VSNPRINTF 1
| #define HAVE_STRERROR 1
| #define HAVE_STRFTIME 1
| #define HAVE_WAIT 1
| #define HAVE_WAITPID 1
| #define HAVE_GETPID 1
| #define HAVE_FORK 1
| #define HAVE_VFORK 1
| #define HAVE_INET_ATON 1
| #define HAVE_HERROR 1
| #define STDC_HEADERS 1
| #define HAVE_SYS_TYPES_H 1
| #define HAVE_SYS_STAT_H 1
| #define HAVE_STDLIB_H 1
| #define HAVE_STRING_H 1
| #define HAVE_MEMORY_H 1
| #define HAVE_STRINGS_H 1
| #define HAVE_INTTYPES_H 1
| #define HAVE_STDINT_H 1
| #define HAVE_UNISTD_H 1
| #define HAVE_ARPA_INET_H 1
| #define HAVE_SYS_TYPES_H 1
| #define HAVE_SYS_TIME_H 1
| #define HAVE_SYS_STAT_H 1
| #define HAVE_FCNTL_H 1
| #define HAVE_SIGNAL_H 1
| #define HAVE_SYSLOG_H 1
| #define HAVE_PWD_H 1
| #define HAVE_STDARG_H 1
| #define HAVE_GRP_H 1
| #define HAVE_ERRNO_H 1
| /* end confdefs.h.  */
| #include <stdio.h>
| #ifdef HAVE_SYS_TYPES_H
| # include <sys/types.h>
| #endif
| #ifdef HAVE_SYS_STAT_H
| # include <sys/stat.h>
| #endif
| #ifdef STDC_HEADERS
| # include <stdlib.h>
| # include <stddef.h>
| #else
| # ifdef HAVE_STDLIB_H
| #  include <stdlib.h>
| # endif
| #endif
| #ifdef HAVE_STRING_H
| # if !defined STDC_HEADERS && defined HAVE_MEMORY_H
| #  include <memory.h>
| # endif
| # include <string.h>
| #endif
| #ifdef HAVE_STRINGS_H
| # include <strings.h>
| #endif
| #ifdef HAVE_INTTYPES_H
| # include <inttypes.h>
| #endif
| #ifdef HAVE_STDINT_H
| # include <stdint.h>
| #endif
| #ifdef HAVE_UNISTD_H
| # include <unistd.h>
| #endif
| #include <sys/sockio.h>
configure:4412: result: no
configure:4412: checking sys/sockio.h presence
configure:4412: gcc -E  conftest.c
conftest.c:54:24: fatal error: sys/sockio.h: No such file or directory
compilation terminated.
configure:4412: $? = 1
configure: failed program was:
| /* confdefs.h */
| #define PACKAGE_NAME ""
| #define PACKAGE_TARNAME ""
| #define PACKAGE_VERSION ""
| #define PACKAGE_STRING ""
| #define PACKAGE_BUGREPORT ""
| #define PACKAGE_URL ""
| #define PACKAGE "ez-ipupdate"
| #define VERSION "3.0.10"
| #define RETSIGTYPE void
| #define HAVE_SOCKET 1
| #define HAVE_STRDUP 1
| #define HAVE_GETOPT_LONG 1
| #define HAVE_GETHOSTBYADDR 1
| #define HAVE_GETSERVBYNAME 1
| #define HAVE_INET_ADDR 1
| #define HAVE_INET_NTOA 1
| #define HAVE_SNPRINTF 1
| #define HAVE_VFPRINTF 1
| #define HAVE_STAT 1
| #define HAVE_VSPRINTF 1
| #define HAVE_VSNPRINTF 1
| #define HAVE_STRERROR 1
| #define HAVE_STRFTIME 1
| #define HAVE_WAIT 1
| #define HAVE_WAITPID 1
| #define HAVE_GETPID 1
| #define HAVE_FORK 1
| #define HAVE_VFORK 1
| #define HAVE_INET_ATON 1
| #define HAVE_HERROR 1
| #define STDC_HEADERS 1
| #define HAVE_SYS_TYPES_H 1
| #define HAVE_SYS_STAT_H 1
| #define HAVE_STDLIB_H 1
| #define HAVE_STRING_H 1
| #define HAVE_MEMORY_H 1
| #define HAVE_STRINGS_H 1
| #define HAVE_INTTYPES_H 1
| #define HAVE_STDINT_H 1
| #define HAVE_UNISTD_H 1
| #define HAVE_ARPA_INET_H 1
| #define HAVE_SYS_TYPES_H 1
| #define HAVE_SYS_TIME_H 1
| #define HAVE_SYS_STAT_H 1
| #define HAVE_FCNTL_H 1
| #define HAVE_SIGNAL_H 1
| #define HAVE_SYSLOG_H 1
| #define HAVE_PWD_H 1
| #define HAVE_STDARG_H 1
| #define HAVE_GRP_H 1
| #define HAVE_ERRNO_H 1
| /* end confdefs.h.  */
| #include <sys/sockio.h>
configure:4412: result: no
configure:4412: checking for sys/sockio.h
configure:4412: result: no
configure:4412: checking sys/wait.h usability
configure:4412: gcc -c -g -O2  conftest.c >&5
configure:4412: $? = 0
configure:4412: result: yes
configure:4412: checking sys/wait.h presence
configure:4412: gcc -E  conftest.c
configure:4412: $? = 0
configure:4412: result: yes
configure:4412: checking for sys/wait.h
configure:4412: result: yes
configure:4412: checking getopt.h usability
configure:4412: gcc -c -g -O2  conftest.c >&5
configure:4412: $? = 0
configure:4412: result: yes
configure:4412: checking getopt.h presence
configure:4412: gcc -E  conftest.c
configure:4412: $? = 0
configure:4412: result: yes
configure:4412: checking for getopt.h
configure:4412: result: yes
configure:4429: checking for unistd.h
configure:4429: result: yes
configure:4429: checking netinet/in.h usability
configure:4429: gcc -c -g -O2  conftest.c >&5
configure:4429: $? = 0
configure:4429: result: yes
configure:4429: checking netinet/in.h presence
configure:4429: gcc -E  conftest.c
configure:4429: $? = 0
configure:4429: result: yes
configure:4429: checking for netinet/in.h
configure:4429: result: yes
configure:4429: checking netdb.h usability
configure:4429: gcc -c -g -O2  conftest.c >&5
configure:4429: $? = 0
configure:4429: result: yes
configure:4429: checking netdb.h presence
configure:4429: gcc -E  conftest.c
configure:4429: $? = 0
configure:4429: result: yes
configure:4429: checking for netdb.h
configure:4429: result: yes
configure:4429: checking sys/socket.h usability
configure:4429: gcc -c -g -O2  conftest.c >&5
configure:4429: $? = 0
configure:4429: result: yes
configure:4429: checking sys/socket.h presence
configure:4429: gcc -E  conftest.c
configure:4429: $? = 0
configure:4429: result: yes
configure:4429: checking for sys/socket.h
configure:4429: result: yes
configure:4442: checking for sys_errlist in -lc
configure:4467: gcc -o conftest -g -O2   conftest.c -lc   >&5
/tmp/ccWnnPOG.o: In function `main':
/home/jack/workspace/BR500_openwrt/package/siteview/ddns/src/ez-ipupdate/conftest.c:71: warning: `sys_errlist' is deprecated; use `strerror' or `strerror_r' instead
configure:4467: $? = 0
configure:4476: result: yes
configure:4486: checking for getopt
configure:4486: gcc -o conftest -g -O2   conftest.c  >&5
configure:4486: $? = 0
configure:4486: result: yes
configure:4499: checking for getpass
configure:4499: gcc -o conftest -g -O2   conftest.c  >&5
configure:4499: $? = 0
configure:4499: result: yes
configure:4513: checking build system type
configure:4524: error: /bin/bash ./config.sub x86_64-unknown-linux-gnu failed

## ---------------- ##
## Cache variables. ##
## ---------------- ##

ac_cv_build=
ac_cv_c_compiler_gnu=yes
ac_cv_env_CC_set=
ac_cv_env_CC_value=
ac_cv_env_CFLAGS_set=
ac_cv_env_CFLAGS_value=
ac_cv_env_CPPFLAGS_set=
ac_cv_env_CPPFLAGS_value=
ac_cv_env_CPP_set=
ac_cv_env_CPP_value=
ac_cv_env_LDFLAGS_set=
ac_cv_env_LDFLAGS_value=
ac_cv_env_LIBS_set=
ac_cv_env_LIBS_value=
ac_cv_env_build_alias_set=
ac_cv_env_build_alias_value=
ac_cv_env_host_alias_set=
ac_cv_env_host_alias_value=
ac_cv_env_target_alias_set=
ac_cv_env_target_alias_value=
ac_cv_func_connect=yes
ac_cv_func_fork=yes
ac_cv_func_gethostbyaddr=yes
ac_cv_func_gethostbyname=yes
ac_cv_func_getopt=yes
ac_cv_func_getopt_long=yes
ac_cv_func_getpass=yes
ac_cv_func_getpid=yes
ac_cv_func_getservbyname=yes
ac_cv_func_herror=yes
ac_cv_func_inet_addr=yes
ac_cv_func_inet_aton=yes
ac_cv_func_inet_ntoa=yes
ac_cv_func_snprintf=yes
ac_cv_func_socket=yes
ac_cv_func_stat=yes
ac_cv_func_strdup=yes
ac_cv_func_strerror=yes
ac_cv_func_strftime=yes
ac_cv_func_vfork=yes
ac_cv_func_vfprintf=yes
ac_cv_func_vsnprintf=yes
ac_cv_func_vsprintf=yes
ac_cv_func_wait=yes
ac_cv_func_waitpid=yes
ac_cv_header_arpa_inet_h=yes
ac_cv_header_errno_h=yes
ac_cv_header_fcntl_h=yes
ac_cv_header_getopt_h=yes
ac_cv_header_grp_h=yes
ac_cv_header_inttypes_h=yes
ac_cv_header_memory_h=yes
ac_cv_header_netdb_h=yes
ac_cv_header_netinet_in_h=yes
ac_cv_header_pwd_h=yes
ac_cv_header_signal_h=yes
ac_cv_header_stdarg_h=yes
ac_cv_header_stdc=yes
ac_cv_header_stdint_h=yes
ac_cv_header_stdlib_h=yes
ac_cv_header_string_h=yes
ac_cv_header_strings_h=yes
ac_cv_header_sys_socket_h=yes
ac_cv_header_sys_sockio_h=no
ac_cv_header_sys_stat_h=yes
ac_cv_header_sys_time_h=yes
ac_cv_header_sys_types_h=yes
ac_cv_header_sys_wait_h=yes
ac_cv_header_syslog_h=yes
ac_cv_header_unistd_h=yes
ac_cv_lib_c_sys_errlist=yes
ac_cv_objext=o
ac_cv_path_EGREP='/bin/grep -E'
ac_cv_path_GREP=/bin/grep
ac_cv_path_install='/usr/bin/install -c'
ac_cv_path_mkdir=/bin/mkdir
ac_cv_prog_AWK=gawk
ac_cv_prog_CPP='gcc -E'
ac_cv_prog_ac_ct_CC=gcc
ac_cv_prog_cc_c89=
ac_cv_prog_cc_g=yes
ac_cv_prog_make_make_set=yes
ac_cv_type_signal=void
am_cv_CC_dependencies_compiler_type=gcc3
am_cv_make_support_nested_variables=yes
am_cv_prog_cc_c_o=yes

## ----------------- ##
## Output variables. ##
## ----------------- ##

ACLOCAL='${SHELL} /home/jack/workspace/BR500_openwrt/package/siteview/ddns/src/ez-ipupdate/missing aclocal-1.15'
AMDEPBACKSLASH='\'
AMDEP_FALSE='#'
AMDEP_TRUE=''
AMTAR='$${TAR-tar}'
AM_BACKSLASH='\'
AM_DEFAULT_V='$(AM_DEFAULT_VERBOSITY)'
AM_DEFAULT_VERBOSITY='1'
AM_V='$(V)'
AUTOCONF='${SHELL} /home/jack/workspace/BR500_openwrt/package/siteview/ddns/src/ez-ipupdate/missing autoconf'
AUTOHEADER='${SHELL} /home/jack/workspace/BR500_openwrt/package/siteview/ddns/src/ez-ipupdate/missing autoheader'
AUTOMAKE='${SHELL} /home/jack/workspace/BR500_openwrt/package/siteview/ddns/src/ez-ipupdate/missing automake-1.15'
AWK='gawk'
CC='gcc'
CCDEPMODE='depmode=gcc3'
CFLAGS='-g -O2'
CPP='gcc -E'
CPPFLAGS=''
CYGPATH_W='echo'
DEFS=''
DEPDIR='.deps'
ECHO_C=''
ECHO_N='-n'
ECHO_T=''
EGREP='/bin/grep -E'
EXEEXT=''
EXTRAOBJ=''
EXTRASRC=''
GREP='/bin/grep'
INSTALL_DATA='${INSTALL} -m 644'
INSTALL_PROGRAM='${INSTALL}'
INSTALL_SCRIPT='${INSTALL}'
INSTALL_STRIP_PROGRAM='$(install_sh) -c -s'
LDFLAGS=''
LIBOBJS=''
LIBS=''
LTLIBOBJS=''
MAKEINFO='${SHELL} /home/jack/workspace/BR500_openwrt/package/siteview/ddns/src/ez-ipupdate/missing makeinfo'
MKDIR_P='/bin/mkdir -p'
OBJEXT='o'
PACKAGE='ez-ipupdate'
PACKAGE_BUGREPORT=''
PACKAGE_NAME=''
PACKAGE_STRING=''
PACKAGE_TARNAME=''
PACKAGE_URL=''
PACKAGE_VERSION=''
PATH_SEPARATOR=':'
SET_MAKE=''
SHELL='/bin/bash'
STRIP=''
VERSION='3.0.10'
ac_ct_CC='gcc'
am__EXEEXT_FALSE=''
am__EXEEXT_TRUE=''
am__fastdepCC_FALSE='#'
am__fastdepCC_TRUE=''
am__include='include'
am__isrc=''
am__leading_dot='.'
am__nodep='_no'
am__quote=''
am__tar='$${TAR-tar} chof - "$$tardir"'
am__untar='$${TAR-tar} xf -'
bindir='${exec_prefix}/bin'
build=''
build_alias=''
build_cpu=''
build_os=''
build_vendor=''
datadir='${datarootdir}'
datarootdir='${prefix}/share'
docdir='${datarootdir}/doc/${PACKAGE}'
dvidir='${docdir}'
exec_prefix='NONE'
host=''
host_alias=''
host_cpu=''
host_os=''
host_vendor=''
htmldir='${docdir}'
includedir='${prefix}/include'
infodir='${datarootdir}/info'
install_sh='${SHELL} /home/jack/workspace/BR500_openwrt/package/siteview/ddns/src/ez-ipupdate/install-sh'
libdir='${exec_prefix}/lib'
libexecdir='${exec_prefix}/libexec'
localedir='${datarootdir}/locale'
localstatedir='${prefix}/var'
mandir='${datarootdir}/man'
mkdir_p='$(MKDIR_P)'
oldincludedir='/usr/include'
pdfdir='${docdir}'
prefix='NONE'
program_transform_name='s,x,x,'
psdir='${docdir}'
runstatedir='${localstatedir}/run'
sbindir='${exec_prefix}/sbin'
sharedstatedir='${prefix}/com'
sysconfdir='${prefix}/etc'
target_alias=''

## ----------- ##
## confdefs.h. ##
## ----------- ##

/* confdefs.h */
#define PACKAGE_NAME ""
#define PACKAGE_TARNAME ""
#define PACKAGE_VERSION ""
#define PACKAGE_STRING ""
#define PACKAGE_BUGREPORT ""
#define PACKAGE_URL ""
#define PACKAGE "ez-ipupdate"
#define VERSION "3.0.10"
#define RETSIGTYPE void
#define HAVE_SOCKET 1
#define HAVE_STRDUP 1
#define HAVE_GETOPT_LONG 1
#define HAVE_GETHOSTBYADDR 1
#define HAVE_GETSERVBYNAME 1
#define HAVE_INET_ADDR 1
#define HAVE_INET_NTOA 1
#define HAVE_SNPRINTF 1
#define HAVE_VFPRINTF 1
#define HAVE_STAT 1
#define HAVE_VSPRINTF 1
#define HAVE_VSNPRINTF 1
#define HAVE_STRERROR 1
#define HAVE_STRFTIME 1
#define HAVE_WAIT 1
#define HAVE_WAITPID 1
#define HAVE_GETPID 1
#define HAVE_FORK 1
#define HAVE_VFORK 1
#define HAVE_INET_ATON 1
#define HAVE_HERROR 1
#define STDC_HEADERS 1
#define HAVE_SYS_TYPES_H 1
#define HAVE_SYS_STAT_H 1
#define HAVE_STDLIB_H 1
#define HAVE_STRING_H 1
#define HAVE_MEMORY_H 1
#define HAVE_STRINGS_H 1
#define HAVE_INTTYPES_H 1
#define HAVE_STDINT_H 1
#define HAVE_UNISTD_H 1
#define HAVE_ARPA_INET_H 1
#define HAVE_SYS_TYPES_H 1
#define HAVE_SYS_TIME_H 1
#define HAVE_SYS_STAT_H 1
#define HAVE_FCNTL_H 1
#define HAVE_SIGNAL_H 1
#define HAVE_SYSLOG_H 1
#define HAVE_PWD_H 1
#define HAVE_STDARG_H 1
#define HAVE_GRP_H 1
#define HAVE_ERRNO_H 1
#define HAVE_SYS_WAIT_H 1
#define HAVE_GETOPT_H 1
#define HAVE_UNISTD_H 1
#define HAVE_NETINET_IN_H 1
#define HAVE_NETDB_H 1
#define HAVE_SYS_SOCKET_H 1
#define HAVE_SYS_ERRLIST 1
#define HAVE_GETOPT 1
#define HAVE_GETPASS 1

configure: exit 1
